(---------------------------------------------------------------------)
(                                                                     )
(    Allegro Netrev Import Logic                                      )
(                                                                     )
(    Drawing          : ex2pra.brd                                    )
(    Software Version : 16.6S034                                      )
(    Date/Time        : Thu Jul 11 00:13:35 2019                      )
(                                                                     )
(---------------------------------------------------------------------)


------ Directives ------------

Ripup etch:                  No
Ripup delete first segment:  No
Ripup retain bondwire:       No
Ripup symbols:               Always
Missing symbol has error:    No
DRC update:                  Yes
Schematic directory:         '.'
Design Directory:            '.'
Old design name:             'C:/Users/user/Desktop/vscode_orcad/workspace/ex2_RLC/allegro/ex2pra.brd'
New design name:             'C:/Users/user/Desktop/vscode_orcad/workspace/ex2_RLC/allegro/ex2pra.brd'

CmdLine: netrev -$ -i . -y 1 -q netrev_constraint_report.xml C:/Users/user/Desktop/vscode_orcad/workspace/ex2_RLC/allegro/#Taaaaab07448.tmp

------ Preparing to read pst files ------

Starting to read ./pstchip.dat 
   Finished reading ./pstchip.dat (00:00:00.14)
Starting to read ./pstxprt.dat 
   Finished reading ./pstxprt.dat (00:00:00.00)
Starting to read ./pstxnet.dat 
   Finished reading ./pstxnet.dat (00:00:00.00)

------ Oversights/Warnings/Errors ------


------ Library Paths ------
MODULEPATH =  . 
           c:/Users/user/Desktop/vscode_orcad/workspace/pcb/modules 

PSMPATH =  . 
           symbols 
           .. 
           ../symbols 
           c:/Users/user/Desktop/vscode_orcad/workspace/pcb/symbols 
           C:/Users/user/Desktop/vscode_orcad/cdns/cdns/share/pcb/pcb_lib/symbols 
           C:/Users/user/Desktop/vscode_orcad/cdns/cdns/share/pcb/allegrolib/symbols 

PADPATH =  . 
           symbols 
           .. 
           ../symbols 
           c:/Users/user/Desktop/vscode_orcad/workspace/pcb/padstacks 
           C:/Users/user/Desktop/vscode_orcad/cdns/cdns/share/pcb/pcb_lib/symbols 
           C:/Users/user/Desktop/vscode_orcad/cdns/cdns/share/pcb/allegrolib/symbols 


------ Summary Statistics ------


netrev run on Jul 11 0:13:35 2019
   DESIGN NAME : 'EX2_RLC2'
   PACKAGING ON Apr 28 2014 16:45:46

   COMPILE 'logic'
   CHECK_PIN_NAMES OFF
   CROSS_REFERENCE OFF
   FEEDBACK OFF
   INCREMENTAL OFF
   INTERFACE_TYPE PHYSICAL
   MAX_ERRORS 500
   MERGE_MINIMUM 5
   NET_NAME_CHARS '#%&()*+-./:=>?@[]^_`|'
   NET_NAME_LENGTH 24
   OVERSIGHTS ON
   REPLACE_CHECK OFF
   SINGLE_NODE_NETS ON
   SPLIT_MINIMUM 0
   SUPPRESS   20
   WARNINGS ON

 No error detected
 No oversight detected
 No warning detected

cpu time      0:01:54
elapsed time  0:00:01

