(---------------------------------------------------------------------)
(                                                                     )
(    ARTWORK LOG                                                      )
(                                                                     )
(    Drawing          : ex2_RLC.brd                                   )
(    Software Version : 16.6S034                                      )
(    Date/Time        : Thu Jul 11 11:35:45 2019                      )
(                                                                     )
(---------------------------------------------------------------------)


 ---- Photoplot outline rectangle not found; using drawing extents.



Results from parameter file ...
    DEVICE-TYPE           GERBER_RS274X
    OUTPUT-UNITS          MM
    FILM-SIZE             2400000 1600000
    FORMAT                3.5
    ABORT-ON-ERROR        NO
    SCALE                 1
    SUPPRESS-LEAD-ZEROES  YES
    SUPPRESS-TRAIL-ZEROES NO
    SUPPRESS-EQUAL        YES
    UNDEF-APT-CONT        NO


================================================================
     PROCESSING FILM < TOP >
     TO FILE < C:/Users/user/Desktop/vscode_orcad/workspace/ex2_RLC/allegro/TOP.art > ...
================================================================

  FILM PARAMETERS :
  ---------------------------------------------------------
  Undefined line width                0.000
  Mirror code                         NONE
  Rotate angle                        NONE
  Offset x:                           0.000
  Offset y:                           0.000
  Plot negative                       NO
  Suppress unconnected internal pads  NO
  Draw holes only                     NO



  APERTURES USED:
  ---------------------------------------------------------
  TYPE       SIZE/NAME                   ROT   MIRROR MODE 
  ---------------------------------------------------------
  CIRCLE     0.25400                                  DARK 
  CIRCLE     0.30800                                  DARK 
  CIRCLE     0.63500                                  DARK 
  CIRCLE     1.52400                                  DARK 
  CIRCLE     1.65100                                  DARK 
  RECTANGLE  1.27000     x 1.60000       0.000 NO     DARK 

     TOP created.


================================================================
     PROCESSING FILM < BOTTOM >
     TO FILE < C:/Users/user/Desktop/vscode_orcad/workspace/ex2_RLC/allegro/BOTTOM.art > ...
================================================================

  FILM PARAMETERS :
  ---------------------------------------------------------
  Undefined line width                0.000
  Mirror code                         NONE
  Rotate angle                        NONE
  Offset x:                           0.000
  Offset y:                           0.000
  Plot negative                       NO
  Suppress unconnected internal pads  NO
  Draw holes only                     NO



  APERTURES USED:
  ---------------------------------------------------------
  TYPE       SIZE/NAME                   ROT   MIRROR MODE 
  ---------------------------------------------------------
  CIRCLE     0.63500                                  DARK 
  CIRCLE     1.52400                                  DARK 
  CIRCLE     1.65100                                  DARK 

     BOTTOM created.


================================================================
     PROCESSING FILM < SilkT >
     TO FILE < C:/Users/user/Desktop/vscode_orcad/workspace/ex2_RLC/allegro/SilkT.art > ...
================================================================

  FILM PARAMETERS :
  ---------------------------------------------------------
  Undefined line width                0.200
  Mirror code                         NONE
  Rotate angle                        NONE
  Offset x:                           0.000
  Offset y:                           0.000
  Plot negative                       NO
  Suppress unconnected internal pads  NO
  Draw holes only                     NO

    WARNING: text composed 0 width line found at (18.542 14.783)
           ... using undefined line width of 0.200

    WARNING: text having Multiple 0 width lines; all will be treated the same as the first.
           ... using undefined line width of 0.200

    WARNING: 0 width line found at (27.305 37.465)
           ... using undefined line width of 0.200



  APERTURES USED:
  ---------------------------------------------------------
  TYPE       SIZE/NAME                   ROT   MIRROR MODE 
  ---------------------------------------------------------
  CIRCLE     0.20000                                  DARK 
  CIRCLE     0.25400                                  DARK 
  CIRCLE     0.30800                                  DARK 
  CIRCLE     0.63500                                  DARK 
  CIRCLE     1.52400                                  DARK 
  CIRCLE     1.65100                                  DARK 
  RECTANGLE  1.27000     x 1.60000       0.000 NO     DARK 

     SilkT created with warnings


================================================================
     PROCESSING FILM < SilkB >
     TO FILE < C:/Users/user/Desktop/vscode_orcad/workspace/ex2_RLC/allegro/SilkB.art > ...
================================================================

  FILM PARAMETERS :
  ---------------------------------------------------------
  Undefined line width                0.200
  Mirror code                         NONE
  Rotate angle                        NONE
  Offset x:                           0.000
  Offset y:                           0.000
  Plot negative                       NO
  Suppress unconnected internal pads  NO
  Draw holes only                     NO



  APERTURES USED:
  ---------------------------------------------------------
  TYPE       SIZE/NAME                   ROT   MIRROR MODE 
  ---------------------------------------------------------
  CIRCLE     0.63500                                  DARK 
  CIRCLE     1.52400                                  DARK 
  CIRCLE     1.65100                                  DARK 

     SilkB created.


================================================================
     PROCESSING FILM < SolderT >
     TO FILE < C:/Users/user/Desktop/vscode_orcad/workspace/ex2_RLC/allegro/SolderT.art > ...
================================================================

  FILM PARAMETERS :
  ---------------------------------------------------------
  Undefined line width                0.000
  Mirror code                         NONE
  Rotate angle                        NONE
  Offset x:                           0.000
  Offset y:                           0.000
  Plot negative                       NO
  Suppress unconnected internal pads  NO
  Draw holes only                     NO



  APERTURES USED:
  ---------------------------------------------------------
  TYPE       SIZE/NAME                   ROT   MIRROR MODE 
  ---------------------------------------------------------
  CIRCLE     1.90500                                  DARK 
  CIRCLE     2.03200                                  DARK 
  CIRCLE     3.68300                                  DARK 
  RECTANGLE  1.39700     x 1.72700       0.000 NO     DARK 

     SolderT created.


================================================================
     PROCESSING FILM < SolderB >
     TO FILE < C:/Users/user/Desktop/vscode_orcad/workspace/ex2_RLC/allegro/SolderB.art > ...
================================================================

  FILM PARAMETERS :
  ---------------------------------------------------------
  Undefined line width                0.000
  Mirror code                         NONE
  Rotate angle                        NONE
  Offset x:                           0.000
  Offset y:                           0.000
  Plot negative                       NO
  Suppress unconnected internal pads  NO
  Draw holes only                     NO



  APERTURES USED:
  ---------------------------------------------------------
  TYPE       SIZE/NAME                   ROT   MIRROR MODE 
  ---------------------------------------------------------
  CIRCLE     1.90500                                  DARK 
  CIRCLE     2.03200                                  DARK 
  CIRCLE     3.68300                                  DARK 

     SolderB created.


================================================================
     PROCESSING FILM < MetalT >
     TO FILE < C:/Users/user/Desktop/vscode_orcad/workspace/ex2_RLC/allegro/MetalT.art > ...
================================================================

  FILM PARAMETERS :
  ---------------------------------------------------------
  Undefined line width                0.000
  Mirror code                         NONE
  Rotate angle                        NONE
  Offset x:                           0.000
  Offset y:                           0.000
  Plot negative                       NO
  Suppress unconnected internal pads  NO
  Draw holes only                     NO

    WARNING: more than one pin class in film record
    WARNING: more than one via class in film record
    WARNING: more than one etch class in film record
    WARNING: Null REGULAR-PAD specified for padstack PAD125 at (5.080 6.350).
    WARNING: Null REGULAR-PAD specified for padstack PAD125 at (5.080 44.450).
    WARNING: Null REGULAR-PAD specified for padstack PAD65CIR42D at (14.605 12.700).
    WARNING: Null REGULAR-PAD specified for padstack PAD65CIR42D at (24.765 12.700).
    WARNING: Null REGULAR-PAD specified for padstack SMD50_63 at (25.019 24.130).
    WARNING: Null REGULAR-PAD specified for padstack SMD50_63 at (25.019 24.130).
    WARNING: Null REGULAR-PAD specified for padstack PAD60CIR36D at (24.765 38.735).
    WARNING: Null REGULAR-PAD specified for padstack PAD60CIR36D at (24.765 36.195).
    WARNING: Null REGULAR-PAD specified for padstack SMD50_63 at (28.321 24.130).
    WARNING: Null REGULAR-PAD specified for padstack SMD50_63 at (28.321 24.130).
    WARNING: Null REGULAR-PAD specified for padstack PAD60CIR36D at (42.545 36.195).
    WARNING: Null REGULAR-PAD specified for padstack PAD60CIR36D at (42.545 38.735).
    WARNING: Null REGULAR-PAD specified for padstack PAD65CIR42D at (55.880 23.495).
    WARNING: Null REGULAR-PAD specified for padstack PAD65CIR42D at (55.880 33.655).
    WARNING: Null REGULAR-PAD specified for padstack PAD125 at (64.770 5.080).
    WARNING: Null REGULAR-PAD specified for padstack PAD125 at (64.770 45.085).


  APERTURES USED:
  ---------------------------------------------------------
  TYPE       SIZE/NAME                   ROT   MIRROR MODE 
  ---------------------------------------------------------
  CIRCLE     0.25400                                  DARK 
  CIRCLE     0.30800                                  DARK 
  CIRCLE     0.63500                                  DARK 
  CIRCLE     1.52400                                  DARK 
  CIRCLE     1.65100                                  DARK 
  RECTANGLE  1.27000     x 1.60000       0.000 NO     DARK 

     MetalT created with warnings


================================================================
     PROCESSING FILM < MetalB >
     TO FILE < C:/Users/user/Desktop/vscode_orcad/workspace/ex2_RLC/allegro/MetalB.art > ...
================================================================

  FILM PARAMETERS :
  ---------------------------------------------------------
  Undefined line width                0.000
  Mirror code                         NONE
  Rotate angle                        NONE
  Offset x:                           0.000
  Offset y:                           0.000
  Plot negative                       NO
  Suppress unconnected internal pads  NO
  Draw holes only                     NO



  APERTURES USED:  NONE
     MetalB created.


================================================================
     PROCESSING FILM < DrillDraw >
     TO FILE < C:/Users/user/Desktop/vscode_orcad/workspace/ex2_RLC/allegro/DrillDraw.art > ...
================================================================

  FILM PARAMETERS :
  ---------------------------------------------------------
  Undefined line width                0.100
  Mirror code                         NONE
  Rotate angle                        NONE
  Offset x:                           0.000
  Offset y:                           0.000
  Plot negative                       NO
  Suppress unconnected internal pads  NO
  Draw holes only                     NO

    WARNING: Multiple 0 width lines; all will be treated the same as the first.
           ... using undefined line width of 0.100



  APERTURES USED:
  ---------------------------------------------------------
  TYPE       SIZE/NAME                   ROT   MIRROR MODE 
  ---------------------------------------------------------
  CIRCLE     0.10000                                  DARK 

     DrillDraw created with warnings


------------------------------------------------------
 SUMMARY:
        TOP created.
        BOTTOM created.
        SilkT created with warnings
        SilkB created.
        SolderT created.
        SolderB created.
        MetalT created with warnings
        MetalB created.
        DrillDraw created with warnings

 ARTWORK had warnings
